#
# There is insufficient memory for the Java Runtime Environment to continue.
# Native memory allocation (mmap) failed to map 13631488 bytes for G1 virtual space
# Possible reasons:
#   The system is out of physical RAM or swap space
#   The process is running with CompressedOops enabled, and the Java Heap may be blocking the growth of the native heap
# Possible solutions:
#   Reduce memory load on the system
#   Increase physical memory or swap space
#   Check if swap backing store is full
#   Decrease Java heap size (-Xmx/-Xms)
#   Decrease number of Java threads
#   Decrease Java thread stack sizes (-Xss)
#   Set larger code cache with -XX:ReservedCodeCacheSize=
#   JVM is running with Unscaled Compressed Oops mode in which the Java heap is
#     placed in the first 4GB address space. The Java Heap base address is the
#     maximum limit for the native heap growth. Please use -XX:HeapBaseMinAddress
#     to set the Java Heap base and to place the Java Heap above 4GB virtual address.
# This output file may be truncated or incomplete.
#
#  Out of Memory Error (os_windows.cpp:3466), pid=17796, tid=30564
#
# JRE version: OpenJDK Runtime Environment (16.0.1+9) (build 16.0.1+9-24)
# Java VM: OpenJDK 64-Bit Server VM (16.0.1+9-24, mixed mode, sharing, tiered, compressed oops, compressed class ptrs, g1 gc, windows-amd64)
# No core dump will be written. Minidumps are not enabled by default on client versions of Windows
#

---------------  S U M M A R Y ------------

Command Line: -javaagent:D:\Applications\JetBrains\IntelliJ IDEA Community Edition 2021.1.1\lib\idea_rt.jar=51417:D:\Applications\JetBrains\IntelliJ IDEA Community Edition 2021.1.1\bin -Dfile.encoding=UTF-8 ntou.cs.java2021.Test

Host: Intel(R) Core(TM) i7-8750H CPU @ 2.20GHz, 12 cores, 7G,  Windows 10 , 64 bit Build 19041 (10.0.19041.1023)
Time: Sun Jun 20 10:48:44 2021  Windows 10 , 64 bit Build 19041 (10.0.19041.1023) elapsed time: 1.172492 seconds (0d 0h 0m 1s)

---------------  T H R E A D  ---------------

Current thread (0x000001c8de732a60):  VMThread "VM Thread" [stack: 0x000000b0fa000000,0x000000b0fa100000] [id=30564]

Stack: [0x000000b0fa000000,0x000000b0fa100000]
Native frames: (J=compiled Java code, j=interpreted, Vv=VM code, C=native code)
V  [jvm.dll+0x6687ca]
V  [jvm.dll+0x7ca3c9]
V  [jvm.dll+0x7cbb53]
V  [jvm.dll+0x7cc1b3]
V  [jvm.dll+0x242ea5]
V  [jvm.dll+0x665589]
V  [jvm.dll+0x65a175]
V  [jvm.dll+0x2fc5ab]
V  [jvm.dll+0x3037a6]
V  [jvm.dll+0x352fee]
V  [jvm.dll+0x35321f]
V  [jvm.dll+0x2d3618]
V  [jvm.dll+0x2d6b86]
V  [jvm.dll+0x2e1097]
V  [jvm.dll+0x315b40]
V  [jvm.dll+0x7d05eb]
V  [jvm.dll+0x7d12e4]
V  [jvm.dll+0x7d17e9]
V  [jvm.dll+0x7d1aa4]
V  [jvm.dll+0x7d1b70]
V  [jvm.dll+0x779b4a]
V  [jvm.dll+0x667666]
C  [ucrtbase.dll+0x21bb2]
C  [KERNEL32.DLL+0x17034]
C  [ntdll.dll+0x52651]

VM_Operation (0x000000b0f9cff080): G1Concurrent, mode: safepoint, requested by thread 0x000001c8c040c550


---------------  P R O C E S S  ---------------

Threads class SMR info:
_java_thread_list=0x000001c8df136800, length=13, elements={
0x000001c8c03b9e70, 0x000001c8de73a030, 0x000001c8de73b690, 0x000001c8de75ec30,
0x000001c8de75f830, 0x000001c8de74f2e0, 0x000001c8de750480, 0x000001c8de7556a0,
0x000001c8de756930, 0x000001c8de759380, 0x000001c8df0dbd00, 0x000001c8df23f120,
0x000001c8df241650
}

Java Threads: ( => current thread )
  0x000001c8c03b9e70 JavaThread "main" [_thread_blocked, id=28224, stack(0x000000b0f9a00000,0x000000b0f9b00000)]
  0x000001c8de73a030 JavaThread "Reference Handler" daemon [_thread_blocked, id=17968, stack(0x000000b0fa100000,0x000000b0fa200000)]
  0x000001c8de73b690 JavaThread "Finalizer" daemon [_thread_blocked, id=27360, stack(0x000000b0fa200000,0x000000b0fa300000)]
  0x000001c8de75ec30 JavaThread "Signal Dispatcher" daemon [_thread_blocked, id=32640, stack(0x000000b0fa300000,0x000000b0fa400000)]
  0x000001c8de75f830 JavaThread "Attach Listener" daemon [_thread_blocked, id=11680, stack(0x000000b0fa400000,0x000000b0fa500000)]
  0x000001c8de74f2e0 JavaThread "Service Thread" daemon [_thread_blocked, id=22864, stack(0x000000b0fa500000,0x000000b0fa600000)]
  0x000001c8de750480 JavaThread "Monitor Deflation Thread" daemon [_thread_blocked, id=7928, stack(0x000000b0fa600000,0x000000b0fa700000)]
  0x000001c8de7556a0 JavaThread "C2 CompilerThread0" daemon [_thread_blocked, id=17560, stack(0x000000b0fa700000,0x000000b0fa800000)]
  0x000001c8de756930 JavaThread "C1 CompilerThread0" daemon [_thread_blocked, id=21288, stack(0x000000b0fa800000,0x000000b0fa900000)]
  0x000001c8de759380 JavaThread "Sweeper thread" daemon [_thread_blocked, id=15588, stack(0x000000b0fa900000,0x000000b0faa00000)]
  0x000001c8df0dbd00 JavaThread "Common-Cleaner" daemon [_thread_blocked, id=13992, stack(0x000000b0faa00000,0x000000b0fab00000)]
  0x000001c8df23f120 JavaThread "Monitor Ctrl-Break" daemon [_thread_in_native, id=27400, stack(0x000000b0fab00000,0x000000b0fac00000)]
  0x000001c8df241650 JavaThread "Notification Thread" daemon [_thread_blocked, id=12400, stack(0x000000b0fac00000,0x000000b0fad00000)]

Other Threads:
=>0x000001c8de732a60 VMThread "VM Thread" [stack: 0x000000b0fa000000,0x000000b0fa100000] [id=30564]
  0x000001c8df15b6b0 WatcherThread [stack: 0x000000b0fad00000,0x000000b0fae00000] [id=9904]
  0x000001c8c03fb8d0 GCTaskThread "GC Thread#0" [stack: 0x000000b0f9b00000,0x000000b0f9c00000] [id=31620]
  0x000001c8df3864e0 GCTaskThread "GC Thread#1" [stack: 0x000000b0faf00000,0x000000b0fb000000] [id=7856]
  0x000001c8df3867f0 GCTaskThread "GC Thread#2" [stack: 0x000000b0fb000000,0x000000b0fb100000] [id=16708]
  0x000001c8df3874c0 GCTaskThread "GC Thread#3" [stack: 0x000000b0fae00000,0x000000b0faf00000] [id=21948]
  0x000001c8c040c550 ConcurrentGCThread "G1 Main Marker" [stack: 0x000000b0f9c00000,0x000000b0f9d00000] [id=7128]
  0x000001c8c040d040 ConcurrentGCThread "G1 Conc#0" [stack: 0x000000b0f9d00000,0x000000b0f9e00000] [id=22304]
  0x000001c8df3877d0 ConcurrentGCThread "G1 Conc#1" [stack: 0x000000b0fb100000,0x000000b0fb200000] [id=3952]
  0x000001c8df3c7af0 ConcurrentGCThread "G1 Conc#2" [stack: 0x000000b0fb200000,0x000000b0fb300000] [id=14456]
  0x000001c8c049cd70 ConcurrentGCThread "G1 Refine#0" [stack: 0x000000b0f9e00000,0x000000b0f9f00000] [id=15872]
  0x000001c8c049d870 ConcurrentGCThread "G1 Service" [stack: 0x000000b0f9f00000,0x000000b0fa000000] [id=28140]

Threads with active compile tasks:

VM state: at safepoint (normal execution)

VM Mutex/Monitor currently owned by a thread:  ([mutex/lock_event])
[0x000001c8c03b6260] Threads_lock - owner thread: 0x000001c8de732a60
[0x000001c8c03b6140] Heap_lock - owner thread: 0x000001c8c040c550

Heap address: 0x0000000082600000, size: 2010 MB, Compressed Oops mode: 32-bit

CDS archive(s) mapped at: [0x0000000800000000-0x0000000800bb0000-0x0000000800bb0000), size 12255232, SharedBaseAddress: 0x0000000800000000, ArchiveRelocationMode: 0.
Compressed class space mapped at: 0x0000000800c00000-0x0000000840c00000, reserved size: 1073741824
Narrow klass base: 0x0000000800000000, Narrow klass shift: 3, Narrow klass range: 0x100000000

GC Precious Log:
 CPUs: 12 total, 12 available
 Memory: 8038M
 Large Page Support: Disabled
 NUMA Support: Disabled
 Compressed Oops: Enabled (32-bit)
 Heap Region Size: 1M
 Heap Min Capacity: 8M
 Heap Initial Capacity: 126M
 Heap Max Capacity: 2010M
 Pre-touch: Disabled
 Parallel Workers: 10
 Concurrent Workers: 3
 Concurrent Refinement Workers: 10
 Periodic GC: Disabled

Heap:
 garbage-first heap   total 188416K, used 120044K [0x0000000082600000, 0x0000000100000000)
  region size 1024K, 2 young (2048K), 2 survivors (2048K)
 Metaspace       used 878K, committed 1024K, reserved 1056768K
  class space    used 61K, committed 128K, reserved 1048576K

Heap Regions: E=young(eden), S=young(survivor), O=old, HS=humongous(starts), HC=humongous(continues), CS=collection set, F=free, OA=open archive, CA=closed archive, TAMS=top-at-mark-start (previous, next)
|   0|0x0000000082600000, 0x0000000082700000, 0x0000000082700000|100%|HS|  |TAMS 0x0000000082600000, 0x0000000082600000| Complete 
|   1|0x0000000082700000, 0x0000000082800000, 0x0000000082800000|100%|HC|  |TAMS 0x0000000082700000, 0x0000000082700000| Complete 
|   2|0x0000000082800000, 0x0000000082900000, 0x0000000082900000|100%|HC|  |TAMS 0x0000000082800000, 0x0000000082800000| Complete 
|   3|0x0000000082900000, 0x0000000082a00000, 0x0000000082a00000|100%|HC|  |TAMS 0x0000000082900000, 0x0000000082900000| Complete 
|   4|0x0000000082a00000, 0x0000000082b00000, 0x0000000082b00000|100%|HC|  |TAMS 0x0000000082a00000, 0x0000000082a00000| Complete 
|   5|0x0000000082b00000, 0x0000000082c00000, 0x0000000082c00000|100%|HC|  |TAMS 0x0000000082b00000, 0x0000000082b00000| Complete 
|   6|0x0000000082c00000, 0x0000000082d00000, 0x0000000082d00000|100%|HC|  |TAMS 0x0000000082c00000, 0x0000000082c00000| Complete 
|   7|0x0000000082d00000, 0x0000000082e00000, 0x0000000082e00000|100%|HC|  |TAMS 0x0000000082d00000, 0x0000000082d00000| Complete 
|   8|0x0000000082e00000, 0x0000000082f00000, 0x0000000082f00000|100%|HC|  |TAMS 0x0000000082e00000, 0x0000000082e00000| Complete 
|   9|0x0000000082f00000, 0x0000000083000000, 0x0000000083000000|100%|HC|  |TAMS 0x0000000082f00000, 0x0000000082f00000| Complete 
|  10|0x0000000083000000, 0x0000000083100000, 0x0000000083100000|100%|HC|  |TAMS 0x0000000083000000, 0x0000000083000000| Complete 
|  11|0x0000000083100000, 0x0000000083200000, 0x0000000083200000|100%|HC|  |TAMS 0x0000000083100000, 0x0000000083100000| Complete 
|  12|0x0000000083200000, 0x0000000083300000, 0x0000000083300000|100%|HC|  |TAMS 0x0000000083200000, 0x0000000083200000| Complete 
|  13|0x0000000083300000, 0x0000000083400000, 0x0000000083400000|100%|HC|  |TAMS 0x0000000083300000, 0x0000000083300000| Complete 
|  14|0x0000000083400000, 0x0000000083500000, 0x0000000083500000|100%|HC|  |TAMS 0x0000000083400000, 0x0000000083400000| Complete 
|  15|0x0000000083500000, 0x0000000083600000, 0x0000000083600000|100%|HC|  |TAMS 0x0000000083500000, 0x0000000083500000| Complete 
|  16|0x0000000083600000, 0x0000000083700000, 0x0000000083700000|100%|HC|  |TAMS 0x0000000083600000, 0x0000000083600000| Complete 
|  17|0x0000000083700000, 0x0000000083800000, 0x0000000083800000|100%|HC|  |TAMS 0x0000000083700000, 0x0000000083700000| Complete 
|  18|0x0000000083800000, 0x0000000083900000, 0x0000000083900000|100%|HC|  |TAMS 0x0000000083800000, 0x0000000083800000| Complete 
|  19|0x0000000083900000, 0x0000000083a00000, 0x0000000083a00000|100%|HC|  |TAMS 0x0000000083900000, 0x0000000083900000| Complete 
|  20|0x0000000083a00000, 0x0000000083b00000, 0x0000000083b00000|100%|HC|  |TAMS 0x0000000083a00000, 0x0000000083a00000| Complete 
|  21|0x0000000083b00000, 0x0000000083c00000, 0x0000000083c00000|100%|HC|  |TAMS 0x0000000083b00000, 0x0000000083b00000| Complete 
|  22|0x0000000083c00000, 0x0000000083d00000, 0x0000000083d00000|100%|HC|  |TAMS 0x0000000083c00000, 0x0000000083c00000| Complete 
|  23|0x0000000083d00000, 0x0000000083e00000, 0x0000000083e00000|100%|HC|  |TAMS 0x0000000083d00000, 0x0000000083d00000| Complete 
|  24|0x0000000083e00000, 0x0000000083f00000, 0x0000000083f00000|100%|HC|  |TAMS 0x0000000083e00000, 0x0000000083e00000| Complete 
|  25|0x0000000083f00000, 0x0000000083f00000, 0x0000000084000000|  0%| F|  |TAMS 0x0000000083f00000, 0x0000000083f00000| Untracked 
|  26|0x0000000084000000, 0x0000000084000000, 0x0000000084100000|  0%| F|  |TAMS 0x0000000084000000, 0x0000000084000000| Untracked 
|  27|0x0000000084100000, 0x0000000084100000, 0x0000000084200000|  0%| F|  |TAMS 0x0000000084100000, 0x0000000084100000| Untracked 
|  28|0x0000000084200000, 0x0000000084200000, 0x0000000084300000|  0%| F|  |TAMS 0x0000000084200000, 0x0000000084200000| Untracked 
|  29|0x0000000084300000, 0x0000000084300000, 0x0000000084400000|  0%| F|  |TAMS 0x0000000084300000, 0x0000000084300000| Untracked 
|  30|0x0000000084400000, 0x0000000084400000, 0x0000000084500000|  0%| F|  |TAMS 0x0000000084400000, 0x0000000084400000| Untracked 
|  31|0x0000000084500000, 0x0000000084500000, 0x0000000084600000|  0%| F|  |TAMS 0x0000000084500000, 0x0000000084500000| Untracked 
|  32|0x0000000084600000, 0x0000000084600000, 0x0000000084700000|  0%| F|  |TAMS 0x0000000084600000, 0x0000000084600000| Untracked 
|  33|0x0000000084700000, 0x0000000084700000, 0x0000000084800000|  0%| F|  |TAMS 0x0000000084700000, 0x0000000084700000| Untracked 
|  34|0x0000000084800000, 0x0000000084800000, 0x0000000084900000|  0%| F|  |TAMS 0x0000000084800000, 0x0000000084800000| Untracked 
|  35|0x0000000084900000, 0x0000000084900000, 0x0000000084a00000|  0%| F|  |TAMS 0x0000000084900000, 0x0000000084900000| Untracked 
|  36|0x0000000084a00000, 0x0000000084a00000, 0x0000000084b00000|  0%| F|  |TAMS 0x0000000084a00000, 0x0000000084a00000| Untracked 
|  37|0x0000000084b00000, 0x0000000084b3b358, 0x0000000084c00000| 23%| S|CS|TAMS 0x0000000084b00000, 0x0000000084b00000| Complete 
|  38|0x0000000084c00000, 0x0000000084d00000, 0x0000000084d00000|100%| S|CS|TAMS 0x0000000084c00000, 0x0000000084c00000| Complete 
|  39|0x0000000084d00000, 0x0000000084d00000, 0x0000000084e00000|  0%| F|  |TAMS 0x0000000084d00000, 0x0000000084d00000| Untracked 
|  40|0x0000000084e00000, 0x0000000084e00000, 0x0000000084f00000|  0%| F|  |TAMS 0x0000000084e00000, 0x0000000084e00000| Untracked 
|  41|0x0000000084f00000, 0x0000000084f00000, 0x0000000085000000|  0%| F|  |TAMS 0x0000000084f00000, 0x0000000084f00000| Untracked 
|  42|0x0000000085000000, 0x0000000085000000, 0x0000000085100000|  0%| F|  |TAMS 0x0000000085000000, 0x0000000085000000| Untracked 
|  43|0x0000000085100000, 0x0000000085100000, 0x0000000085200000|  0%| F|  |TAMS 0x0000000085100000, 0x0000000085100000| Untracked 
|  44|0x0000000085200000, 0x0000000085200000, 0x0000000085300000|  0%| F|  |TAMS 0x0000000085200000, 0x0000000085200000| Untracked 
|  45|0x0000000085300000, 0x0000000085300000, 0x0000000085400000|  0%| F|  |TAMS 0x0000000085300000, 0x0000000085300000| Untracked 
|  46|0x0000000085400000, 0x0000000085400000, 0x0000000085500000|  0%| F|  |TAMS 0x0000000085400000, 0x0000000085400000| Untracked 
|  47|0x0000000085500000, 0x0000000085500000, 0x0000000085600000|  0%| F|  |TAMS 0x0000000085500000, 0x0000000085500000| Untracked 
|  48|0x0000000085600000, 0x0000000085600000, 0x0000000085700000|  0%| F|  |TAMS 0x0000000085600000, 0x0000000085600000| Untracked 
|  49|0x0000000085700000, 0x0000000085700000, 0x0000000085800000|  0%| F|  |TAMS 0x0000000085700000, 0x0000000085700000| Untracked 
|  50|0x0000000085800000, 0x0000000085800000, 0x0000000085900000|  0%| F|  |TAMS 0x0000000085800000, 0x0000000085800000| Untracked 
|  51|0x0000000085900000, 0x0000000085900000, 0x0000000085a00000|  0%| F|  |TAMS 0x0000000085900000, 0x0000000085900000| Untracked 
|  52|0x0000000085a00000, 0x0000000085a00000, 0x0000000085b00000|  0%| F|  |TAMS 0x0000000085a00000, 0x0000000085a00000| Untracked 
|  53|0x0000000085b00000, 0x0000000085b00000, 0x0000000085c00000|  0%| F|  |TAMS 0x0000000085b00000, 0x0000000085b00000| Untracked 
|  54|0x0000000085c00000, 0x0000000085c00000, 0x0000000085d00000|  0%| F|  |TAMS 0x0000000085c00000, 0x0000000085c00000| Untracked 
|  55|0x0000000085d00000, 0x0000000085d00000, 0x0000000085e00000|  0%| F|  |TAMS 0x0000000085d00000, 0x0000000085d00000| Untracked 
|  56|0x0000000085e00000, 0x0000000085e00000, 0x0000000085f00000|  0%| F|  |TAMS 0x0000000085e00000, 0x0000000085e00000| Untracked 
|  57|0x0000000085f00000, 0x0000000085f00000, 0x0000000086000000|  0%| F|  |TAMS 0x0000000085f00000, 0x0000000085f00000| Untracked 
|  58|0x0000000086000000, 0x0000000086000000, 0x0000000086100000|  0%| F|  |TAMS 0x0000000086000000, 0x0000000086000000| Untracked 
|  59|0x0000000086100000, 0x0000000086100000, 0x0000000086200000|  0%| F|  |TAMS 0x0000000086100000, 0x0000000086100000| Untracked 
|  60|0x0000000086200000, 0x0000000086200000, 0x0000000086300000|  0%| F|  |TAMS 0x0000000086200000, 0x0000000086200000| Untracked 
|  61|0x0000000086300000, 0x0000000086300000, 0x0000000086400000|  0%| F|  |TAMS 0x0000000086300000, 0x0000000086300000| Untracked 
|  62|0x0000000086400000, 0x0000000086400000, 0x0000000086500000|  0%| F|  |TAMS 0x0000000086400000, 0x0000000086400000| Untracked 
|  63|0x0000000086500000, 0x0000000086500000, 0x0000000086600000|  0%| F|  |TAMS 0x0000000086500000, 0x0000000086500000| Untracked 
|  64|0x0000000086600000, 0x0000000086600000, 0x0000000086700000|  0%| F|  |TAMS 0x0000000086600000, 0x0000000086600000| Untracked 
|  65|0x0000000086700000, 0x0000000086700000, 0x0000000086800000|  0%| F|  |TAMS 0x0000000086700000, 0x0000000086700000| Untracked 
|  66|0x0000000086800000, 0x0000000086800000, 0x0000000086900000|  0%| F|  |TAMS 0x0000000086800000, 0x0000000086800000| Untracked 
|  67|0x0000000086900000, 0x0000000086900000, 0x0000000086a00000|  0%| F|  |TAMS 0x0000000086900000, 0x0000000086900000| Untracked 
|  68|0x0000000086a00000, 0x0000000086a00000, 0x0000000086b00000|  0%| F|  |TAMS 0x0000000086a00000, 0x0000000086a00000| Untracked 
|  69|0x0000000086b00000, 0x0000000086b00000, 0x0000000086c00000|  0%| F|  |TAMS 0x0000000086b00000, 0x0000000086b00000| Untracked 
|  70|0x0000000086c00000, 0x0000000086c00000, 0x0000000086d00000|  0%| F|  |TAMS 0x0000000086c00000, 0x0000000086c00000| Untracked 
|  71|0x0000000086d00000, 0x0000000086d00000, 0x0000000086e00000|  0%| F|  |TAMS 0x0000000086d00000, 0x0000000086d00000| Untracked 
|  72|0x0000000086e00000, 0x0000000086e00000, 0x0000000086f00000|  0%| F|  |TAMS 0x0000000086e00000, 0x0000000086e00000| Untracked 
|  73|0x0000000086f00000, 0x0000000086f00000, 0x0000000087000000|  0%| F|  |TAMS 0x0000000086f00000, 0x0000000086f00000| Untracked 
|  74|0x0000000087000000, 0x0000000087000000, 0x0000000087100000|  0%| F|  |TAMS 0x0000000087000000, 0x0000000087000000| Untracked 
|  75|0x0000000087100000, 0x0000000087100000, 0x0000000087200000|  0%| F|  |TAMS 0x0000000087100000, 0x0000000087100000| Untracked 
|  76|0x0000000087200000, 0x0000000087200000, 0x0000000087300000|  0%| F|  |TAMS 0x0000000087200000, 0x0000000087200000| Untracked 
|  77|0x0000000087300000, 0x0000000087300000, 0x0000000087400000|  0%| F|  |TAMS 0x0000000087300000, 0x0000000087300000| Untracked 
|  78|0x0000000087400000, 0x0000000087400000, 0x0000000087500000|  0%| F|  |TAMS 0x0000000087400000, 0x0000000087400000| Untracked 
|  79|0x0000000087500000, 0x0000000087500000, 0x0000000087600000|  0%| F|  |TAMS 0x0000000087500000, 0x0000000087500000| Untracked 
|  80|0x0000000087600000, 0x0000000087600000, 0x0000000087700000|  0%| F|  |TAMS 0x0000000087600000, 0x0000000087600000| Untracked 
|  81|0x0000000087700000, 0x0000000087700000, 0x0000000087800000|  0%| F|  |TAMS 0x0000000087700000, 0x0000000087700000| Untracked 
|  82|0x0000000087800000, 0x0000000087800000, 0x0000000087900000|  0%| F|  |TAMS 0x0000000087800000, 0x0000000087800000| Untracked 
|  83|0x0000000087900000, 0x0000000087900000, 0x0000000087a00000|  0%| F|  |TAMS 0x0000000087900000, 0x0000000087900000| Untracked 
|  84|0x0000000087a00000, 0x0000000087a00000, 0x0000000087b00000|  0%| F|  |TAMS 0x0000000087a00000, 0x0000000087a00000| Untracked 
|  85|0x0000000087b00000, 0x0000000087b00000, 0x0000000087c00000|  0%| F|  |TAMS 0x0000000087b00000, 0x0000000087b00000| Untracked 
|  86|0x0000000087c00000, 0x0000000087c00000, 0x0000000087d00000|  0%| F|  |TAMS 0x0000000087c00000, 0x0000000087c00000| Untracked 
|  87|0x0000000087d00000, 0x0000000087d00000, 0x0000000087e00000|  0%| F|  |TAMS 0x0000000087d00000, 0x0000000087d00000| Untracked 
|  88|0x0000000087e00000, 0x0000000087e00000, 0x0000000087f00000|  0%| F|  |TAMS 0x0000000087e00000, 0x0000000087e00000| Untracked 
|  89|0x0000000087f00000, 0x0000000087f00000, 0x0000000088000000|  0%| F|  |TAMS 0x0000000087f00000, 0x0000000087f00000| Untracked 
|  90|0x0000000088000000, 0x0000000088000000, 0x0000000088100000|  0%| F|  |TAMS 0x0000000088000000, 0x0000000088000000| Untracked 
|  91|0x0000000088100000, 0x0000000088100000, 0x0000000088200000|  0%| F|  |TAMS 0x0000000088100000, 0x0000000088100000| Untracked 
|  92|0x0000000088200000, 0x0000000088200000, 0x0000000088300000|  0%| F|  |TAMS 0x0000000088200000, 0x0000000088200000| Untracked 
|  93|0x0000000088300000, 0x0000000088400000, 0x0000000088400000|100%|HS|  |TAMS 0x0000000088400000, 0x0000000088300000| Complete 
|  94|0x0000000088400000, 0x0000000088500000, 0x0000000088500000|100%|HC|  |TAMS 0x0000000088500000, 0x0000000088400000| Complete 
|  95|0x0000000088500000, 0x0000000088600000, 0x0000000088600000|100%|HC|  |TAMS 0x0000000088600000, 0x0000000088500000| Complete 
|  96|0x0000000088600000, 0x0000000088700000, 0x0000000088700000|100%|HC|  |TAMS 0x0000000088700000, 0x0000000088600000| Complete 
|  97|0x0000000088700000, 0x0000000088800000, 0x0000000088800000|100%|HC|  |TAMS 0x0000000088800000, 0x0000000088700000| Complete 
|  98|0x0000000088800000, 0x0000000088900000, 0x0000000088900000|100%|HC|  |TAMS 0x0000000088900000, 0x0000000088800000| Complete 
|  99|0x0000000088900000, 0x0000000088a00000, 0x0000000088a00000|100%|HC|  |TAMS 0x0000000088a00000, 0x0000000088900000| Complete 
| 100|0x0000000088a00000, 0x0000000088b00000, 0x0000000088b00000|100%|HC|  |TAMS 0x0000000088b00000, 0x0000000088a00000| Complete 
| 101|0x0000000088b00000, 0x0000000088c00000, 0x0000000088c00000|100%|HC|  |TAMS 0x0000000088c00000, 0x0000000088b00000| Complete 
| 102|0x0000000088c00000, 0x0000000088d00000, 0x0000000088d00000|100%|HC|  |TAMS 0x0000000088d00000, 0x0000000088c00000| Complete 
| 103|0x0000000088d00000, 0x0000000088e00000, 0x0000000088e00000|100%|HC|  |TAMS 0x0000000088e00000, 0x0000000088d00000| Complete 
| 104|0x0000000088e00000, 0x0000000088f00000, 0x0000000088f00000|100%|HC|  |TAMS 0x0000000088f00000, 0x0000000088e00000| Complete 
| 105|0x0000000088f00000, 0x0000000089000000, 0x0000000089000000|100%|HC|  |TAMS 0x0000000089000000, 0x0000000088f00000| Complete 
| 106|0x0000000089000000, 0x0000000089100000, 0x0000000089100000|100%|HC|  |TAMS 0x0000000089100000, 0x0000000089000000| Complete 
| 107|0x0000000089100000, 0x0000000089200000, 0x0000000089200000|100%|HC|  |TAMS 0x0000000089200000, 0x0000000089100000| Complete 
| 108|0x0000000089200000, 0x0000000089300000, 0x0000000089300000|100%|HC|  |TAMS 0x0000000089300000, 0x0000000089200000| Complete 
| 109|0x0000000089300000, 0x0000000089400000, 0x0000000089400000|100%|HC|  |TAMS 0x0000000089400000, 0x0000000089300000| Complete 
| 110|0x0000000089400000, 0x0000000089500000, 0x0000000089500000|100%|HC|  |TAMS 0x0000000089500000, 0x0000000089400000| Complete 
| 111|0x0000000089500000, 0x0000000089600000, 0x0000000089600000|100%|HC|  |TAMS 0x0000000089600000, 0x0000000089500000| Complete 
| 112|0x0000000089600000, 0x0000000089700000, 0x0000000089700000|100%|HC|  |TAMS 0x0000000089700000, 0x0000000089600000| Complete 
| 113|0x0000000089700000, 0x0000000089800000, 0x0000000089800000|100%|HC|  |TAMS 0x0000000089800000, 0x0000000089700000| Complete 
| 114|0x0000000089800000, 0x0000000089900000, 0x0000000089900000|100%|HC|  |TAMS 0x0000000089900000, 0x0000000089800000| Complete 
| 115|0x0000000089900000, 0x0000000089a00000, 0x0000000089a00000|100%|HC|  |TAMS 0x0000000089a00000, 0x0000000089900000| Complete 
| 116|0x0000000089a00000, 0x0000000089b00000, 0x0000000089b00000|100%|HC|  |TAMS 0x0000000089b00000, 0x0000000089a00000| Complete 
| 117|0x0000000089b00000, 0x0000000089c00000, 0x0000000089c00000|100%|HC|  |TAMS 0x0000000089c00000, 0x0000000089b00000| Complete 
| 118|0x0000000089c00000, 0x0000000089d00000, 0x0000000089d00000|100%|HC|  |TAMS 0x0000000089d00000, 0x0000000089c00000| Complete 
| 119|0x0000000089d00000, 0x0000000089e00000, 0x0000000089e00000|100%|HC|  |TAMS 0x0000000089e00000, 0x0000000089d00000| Complete 
| 120|0x0000000089e00000, 0x0000000089f00000, 0x0000000089f00000|100%|HC|  |TAMS 0x0000000089f00000, 0x0000000089e00000| Complete 
| 121|0x0000000089f00000, 0x000000008a000000, 0x000000008a000000|100%|HC|  |TAMS 0x000000008a000000, 0x0000000089f00000| Complete 
| 122|0x000000008a000000, 0x000000008a100000, 0x000000008a100000|100%|HC|  |TAMS 0x000000008a100000, 0x000000008a000000| Complete 
| 123|0x000000008a100000, 0x000000008a200000, 0x000000008a200000|100%|HC|  |TAMS 0x000000008a200000, 0x000000008a100000| Complete 
| 124|0x000000008a200000, 0x000000008a300000, 0x000000008a300000|100%|HC|  |TAMS 0x000000008a300000, 0x000000008a200000| Complete 
| 125|0x000000008a300000, 0x000000008a400000, 0x000000008a400000|100%|HC|  |TAMS 0x000000008a400000, 0x000000008a300000| Complete 
| 126|0x000000008a400000, 0x000000008a500000, 0x000000008a500000|100%|HC|  |TAMS 0x000000008a500000, 0x000000008a400000| Complete 
| 127|0x000000008a500000, 0x000000008a600000, 0x000000008a600000|100%|HC|  |TAMS 0x000000008a600000, 0x000000008a500000| Complete 
| 128|0x000000008a600000, 0x000000008a700000, 0x000000008a700000|100%|HC|  |TAMS 0x000000008a700000, 0x000000008a600000| Complete 
| 129|0x000000008a700000, 0x000000008a800000, 0x000000008a800000|100%|HC|  |TAMS 0x000000008a800000, 0x000000008a700000| Complete 
| 130|0x000000008a800000, 0x000000008a900000, 0x000000008a900000|100%|HC|  |TAMS 0x000000008a900000, 0x000000008a800000| Complete 
| 131|0x000000008a900000, 0x000000008aa00000, 0x000000008aa00000|100%|HC|  |TAMS 0x000000008aa00000, 0x000000008a900000| Complete 
| 132|0x000000008aa00000, 0x000000008ab00000, 0x000000008ab00000|100%|HC|  |TAMS 0x000000008ab00000, 0x000000008aa00000| Complete 
| 133|0x000000008ab00000, 0x000000008ac00000, 0x000000008ac00000|100%|HC|  |TAMS 0x000000008ac00000, 0x000000008ab00000| Complete 
| 134|0x000000008ac00000, 0x000000008ad00000, 0x000000008ad00000|100%|HC|  |TAMS 0x000000008ad00000, 0x000000008ac00000| Complete 
| 135|0x000000008ad00000, 0x000000008ae00000, 0x000000008ae00000|100%|HC|  |TAMS 0x000000008ae00000, 0x000000008ad00000| Complete 
| 136|0x000000008ae00000, 0x000000008af00000, 0x000000008af00000|100%|HC|  |TAMS 0x000000008af00000, 0x000000008ae00000| Complete 
| 137|0x000000008af00000, 0x000000008b000000, 0x000000008b000000|100%|HC|  |TAMS 0x000000008b000000, 0x000000008af00000| Complete 
| 138|0x000000008b000000, 0x000000008b100000, 0x000000008b100000|100%|HC|  |TAMS 0x000000008b100000, 0x000000008b000000| Complete 
| 139|0x000000008b100000, 0x000000008b200000, 0x000000008b200000|100%|HC|  |TAMS 0x000000008b200000, 0x000000008b100000| Complete 
| 140|0x000000008b200000, 0x000000008b300000, 0x000000008b300000|100%|HC|  |TAMS 0x000000008b300000, 0x000000008b200000| Complete 
| 141|0x000000008b300000, 0x000000008b400000, 0x000000008b400000|100%|HC|  |TAMS 0x000000008b400000, 0x000000008b300000| Complete 
| 142|0x000000008b400000, 0x000000008b500000, 0x000000008b500000|100%|HC|  |TAMS 0x000000008b500000, 0x000000008b400000| Complete 
| 143|0x000000008b500000, 0x000000008b600000, 0x000000008b600000|100%|HC|  |TAMS 0x000000008b600000, 0x000000008b500000| Complete 
| 144|0x000000008b600000, 0x000000008b700000, 0x000000008b700000|100%|HC|  |TAMS 0x000000008b700000, 0x000000008b600000| Complete 
| 145|0x000000008b700000, 0x000000008b800000, 0x000000008b800000|100%|HC|  |TAMS 0x000000008b800000, 0x000000008b700000| Complete 
| 146|0x000000008b800000, 0x000000008b900000, 0x000000008b900000|100%|HC|  |TAMS 0x000000008b900000, 0x000000008b800000| Complete 
| 147|0x000000008b900000, 0x000000008ba00000, 0x000000008ba00000|100%|HC|  |TAMS 0x000000008ba00000, 0x000000008b900000| Complete 
| 148|0x000000008ba00000, 0x000000008bb00000, 0x000000008bb00000|100%|HC|  |TAMS 0x000000008bb00000, 0x000000008ba00000| Complete 
| 149|0x000000008bb00000, 0x000000008bc00000, 0x000000008bc00000|100%|HC|  |TAMS 0x000000008bc00000, 0x000000008bb00000| Complete 
| 150|0x000000008bc00000, 0x000000008bd00000, 0x000000008bd00000|100%|HC|  |TAMS 0x000000008bd00000, 0x000000008bc00000| Complete 
| 151|0x000000008bd00000, 0x000000008be00000, 0x000000008be00000|100%|HC|  |TAMS 0x000000008be00000, 0x000000008bd00000| Complete 
| 152|0x000000008be00000, 0x000000008bf00000, 0x000000008bf00000|100%|HC|  |TAMS 0x000000008bf00000, 0x000000008be00000| Complete 
| 153|0x000000008bf00000, 0x000000008c000000, 0x000000008c000000|100%|HC|  |TAMS 0x000000008c000000, 0x000000008bf00000| Complete 
| 154|0x000000008c000000, 0x000000008c100000, 0x000000008c100000|100%|HC|  |TAMS 0x000000008c100000, 0x000000008c000000| Complete 
| 155|0x000000008c100000, 0x000000008c200000, 0x000000008c200000|100%|HC|  |TAMS 0x000000008c200000, 0x000000008c100000| Complete 
| 156|0x000000008c200000, 0x000000008c300000, 0x000000008c300000|100%|HC|  |TAMS 0x000000008c300000, 0x000000008c200000| Complete 
| 157|0x000000008c300000, 0x000000008c400000, 0x000000008c400000|100%|HC|  |TAMS 0x000000008c400000, 0x000000008c300000| Complete 
| 158|0x000000008c400000, 0x000000008c500000, 0x000000008c500000|100%|HC|  |TAMS 0x000000008c500000, 0x000000008c400000| Complete 
| 159|0x000000008c500000, 0x000000008c600000, 0x000000008c600000|100%|HC|  |TAMS 0x000000008c600000, 0x000000008c500000| Complete 
| 160|0x000000008c600000, 0x000000008c700000, 0x000000008c700000|100%|HC|  |TAMS 0x000000008c700000, 0x000000008c600000| Complete 
| 161|0x000000008c700000, 0x000000008c800000, 0x000000008c800000|100%|HC|  |TAMS 0x000000008c800000, 0x000000008c700000| Complete 
| 162|0x000000008c800000, 0x000000008c900000, 0x000000008c900000|100%|HC|  |TAMS 0x000000008c900000, 0x000000008c800000| Complete 
| 163|0x000000008c900000, 0x000000008ca00000, 0x000000008ca00000|100%|HC|  |TAMS 0x000000008ca00000, 0x000000008c900000| Complete 
| 164|0x000000008ca00000, 0x000000008cb00000, 0x000000008cb00000|100%|HC|  |TAMS 0x000000008cb00000, 0x000000008ca00000| Complete 
| 165|0x000000008cb00000, 0x000000008cc00000, 0x000000008cc00000|100%|HC|  |TAMS 0x000000008cc00000, 0x000000008cb00000| Complete 
| 166|0x000000008cc00000, 0x000000008cd00000, 0x000000008cd00000|100%|HC|  |TAMS 0x000000008cd00000, 0x000000008cc00000| Complete 
| 167|0x000000008cd00000, 0x000000008ce00000, 0x000000008ce00000|100%|HC|  |TAMS 0x000000008ce00000, 0x000000008cd00000| Complete 
| 168|0x000000008ce00000, 0x000000008cf00000, 0x000000008cf00000|100%|HC|  |TAMS 0x000000008cf00000, 0x000000008ce00000| Complete 
| 169|0x000000008cf00000, 0x000000008d000000, 0x000000008d000000|100%|HC|  |TAMS 0x000000008d000000, 0x000000008cf00000| Complete 
| 170|0x000000008d000000, 0x000000008d100000, 0x000000008d100000|100%|HC|  |TAMS 0x000000008d100000, 0x000000008d000000| Complete 
| 171|0x000000008d100000, 0x000000008d200000, 0x000000008d200000|100%|HC|  |TAMS 0x000000008d200000, 0x000000008d100000| Complete 
| 172|0x000000008d200000, 0x000000008d300000, 0x000000008d300000|100%|HC|  |TAMS 0x000000008d300000, 0x000000008d200000| Complete 
| 173|0x000000008d300000, 0x000000008d400000, 0x000000008d400000|100%|HC|  |TAMS 0x000000008d400000, 0x000000008d300000| Complete 
| 174|0x000000008d400000, 0x000000008d500000, 0x000000008d500000|100%|HC|  |TAMS 0x000000008d500000, 0x000000008d400000| Complete 
| 175|0x000000008d500000, 0x000000008d600000, 0x000000008d600000|100%|HC|  |TAMS 0x000000008d600000, 0x000000008d500000| Complete 
| 176|0x000000008d600000, 0x000000008d700000, 0x000000008d700000|100%|HC|  |TAMS 0x000000008d700000, 0x000000008d600000| Complete 
| 177|0x000000008d700000, 0x000000008d800000, 0x000000008d800000|100%|HC|  |TAMS 0x000000008d800000, 0x000000008d700000| Complete 
| 178|0x000000008d800000, 0x000000008d900000, 0x000000008d900000|100%|HC|  |TAMS 0x000000008d900000, 0x000000008d800000| Complete 
| 179|0x000000008d900000, 0x000000008da00000, 0x000000008da00000|100%|HC|  |TAMS 0x000000008da00000, 0x000000008d900000| Complete 
| 180|0x000000008da00000, 0x000000008db00000, 0x000000008db00000|100%|HC|  |TAMS 0x000000008db00000, 0x000000008da00000| Complete 
| 181|0x000000008db00000, 0x000000008dc00000, 0x000000008dc00000|100%|HC|  |TAMS 0x000000008dc00000, 0x000000008db00000| Complete 
| 182|0x000000008dc00000, 0x000000008dd00000, 0x000000008dd00000|100%|HC|  |TAMS 0x000000008dd00000, 0x000000008dc00000| Complete 
| 183|0x000000008dd00000, 0x000000008de00000, 0x000000008de00000|100%|HC|  |TAMS 0x000000008de00000, 0x000000008dd00000| Complete 

Card table byte_map: [0x000001c8d7470000,0x000001c8d7860000] _byte_map_base: 0x000001c8d705d000

Marking Bits (Prev, Next): (CMBitMap*) 0x000001c8c03fc000, (CMBitMap*) 0x000001c8c03fbfc0
 Prev Bits: [0x000001c8d9bc0000, 0x000001c8dbb28000)
 Next Bits: [0x000001c8d7c50000, 0x000001c8d9bb8000)

Polling page: 0x000001c8be3d0000

Metaspace:

Usage:
  Non-class:    817.22 KB used.
      Class:     61.45 KB used.
       Both:    878.67 KB used.

Virtual space:
  Non-class space:        8.00 MB reserved,     896.00 KB ( 11%) committed,  1 nodes.
      Class space:        1.00 GB reserved,     128.00 KB ( <1%) committed,  1 nodes.
              Both:        1.01 GB reserved,       1.00 MB ( <1%) committed. 

Chunk freelists:
   Non-Class:  3.97 MB
       Class:  3.74 MB
        Both:  7.71 MB

MaxMetaspaceSize: 17179869184.00 GB
CompressedClassSpaceSize: 1.00 GB
 - commit_granule_bytes: 65536.
 - commit_granule_words: 8192.
 - virtual_space_node_default_size: 1048576.
 - enlarge_chunks_in_place: 1.
 - new_chunks_are_fully_committed: 0.
 - uncommit_free_chunks: 1.
 - use_allocation_guard: 0.
 - handle_deallocations: 1.


Internal statistics:

num_allocs_failed_limit: 0.
num_arena_births: 12.
num_arena_deaths: 0.
num_vsnodes_births: 2.
num_vsnodes_deaths: 0.
num_space_committed: 16.
num_space_uncommitted: 0.
num_chunks_returned_to_freelist: 0.
num_chunks_taken_from_freelist: 18.
num_chunk_merges: 0.
num_chunk_splits: 10.
num_chunks_enlarged: 5.
num_purges: 0.

CodeHeap 'non-profiled nmethods': size=120000Kb used=194Kb max_used=194Kb free=119805Kb
 bounds [0x000001c8cf600000, 0x000001c8cf870000, 0x000001c8d6b30000]
CodeHeap 'profiled nmethods': size=120000Kb used=572Kb max_used=572Kb free=119427Kb
 bounds [0x000001c8c80d0000, 0x000001c8c8340000, 0x000001c8cf600000]
CodeHeap 'non-nmethods': size=5760Kb used=1135Kb max_used=1160Kb free=4624Kb
 bounds [0x000001c8c7b30000, 0x000001c8c7da0000, 0x000001c8c80d0000]
 total_blobs=752 nmethods=337 adapters=328
 compilation: enabled
              stopped_count=0, restarted_count=0
 full_count=0

Compilation events (20 events):
Event: 0.639 Thread 0x000001c8de7556a0  328       4       java.nio.ByteBuffer::position (8 bytes)
Event: 0.640 Thread 0x000001c8de7556a0 nmethod 328 0x000001c8cf62cb90 code [0x000001c8cf62cd20, 0x000001c8cf62cdf8]
Event: 0.670 Thread 0x000001c8de7556a0  329   !   4       java.nio.charset.CharsetDecoder::decode (275 bytes)
Event: 0.672 Thread 0x000001c8de7556a0 nmethod 329 0x000001c8cf62cf10 code [0x000001c8cf62d0c0, 0x000001c8cf62d328]
Event: 0.672 Thread 0x000001c8de7556a0  330       4       sun.nio.cs.UTF_8$Decoder::decodeLoop (28 bytes)
Event: 0.673 Thread 0x000001c8de7556a0 nmethod 330 0x000001c8cf62d690 code [0x000001c8cf62d820, 0x000001c8cf62d968]
Event: 0.714 Thread 0x000001c8de7556a0  331       4       java.lang.String::checkBoundsBeginEnd (63 bytes)
Event: 0.714 Thread 0x000001c8de7556a0 nmethod 331 0x000001c8cf62db10 code [0x000001c8cf62dca0, 0x000001c8cf62dd58]
Event: 0.792 Thread 0x000001c8de7556a0  332       4       java.lang.StringBuilder::append (10 bytes)
Event: 0.812 Thread 0x000001c8de7556a0 nmethod 332 0x000001c8cf62de10 code [0x000001c8cf62dfe0, 0x000001c8cf62eee8]
Event: 0.812 Thread 0x000001c8de7556a0  333       4       java.lang.AbstractStringBuilder::checkRange (63 bytes)
Event: 0.813 Thread 0x000001c8de7556a0 nmethod 333 0x000001c8cf62f810 code [0x000001c8cf62f9a0, 0x000001c8cf62fa58]
Event: 0.908 Thread 0x000001c8de7556a0  334       4       java.io.FileInputStream::read (8 bytes)
Event: 0.909 Thread 0x000001c8de7556a0 nmethod 334 0x000001c8cf62fb10 code [0x000001c8cf62fca0, 0x000001c8cf62fd48]
Event: 0.909 Thread 0x000001c8de7556a0  335       4       java.nio.ByteBuffer::flip (7 bytes)
Event: 0.909 Thread 0x000001c8de7556a0 nmethod 335 0x000001c8cf62fe10 code [0x000001c8cf62ff80, 0x000001c8cf630018]
Event: 0.909 Thread 0x000001c8de7556a0  336       4       java.nio.HeapByteBuffer::compact (85 bytes)
Event: 0.910 Thread 0x000001c8de7556a0 nmethod 336 0x000001c8cf630110 code [0x000001c8cf6302a0, 0x000001c8cf6304f8]
Event: 0.943 Thread 0x000001c8de7556a0  337   !   4       sun.nio.cs.StreamDecoder::inReady (36 bytes)
Event: 0.945 Thread 0x000001c8de7556a0 nmethod 337 0x000001c8cf630710 code [0x000001c8cf6308a0, 0x000001c8cf6309a8]

GC Heap History (8 events):
Event: 0.391 GC heap before
{Heap before GC invocations=0 (full 0):
 garbage-first heap   total 129024K, used 48128K [0x0000000082600000, 0x0000000100000000)
  region size 1024K, 23 young (23552K), 0 survivors (0K)
 Metaspace       used 873K, committed 1024K, reserved 1056768K
  class space    used 61K, committed 128K, reserved 1048576K
}
Event: 0.392 GC heap after
{Heap after GC invocations=1 (full 0):
 garbage-first heap   total 129024K, used 13475K [0x0000000082600000, 0x0000000100000000)
  region size 1024K, 2 young (2048K), 2 survivors (2048K)
 Metaspace       used 873K, committed 1024K, reserved 1056768K
  class space    used 61K, committed 128K, reserved 1048576K
}
Event: 0.487 GC heap before
{Heap before GC invocations=1 (full 0):
 garbage-first heap   total 129024K, used 58531K [0x0000000082600000, 0x0000000100000000)
  region size 1024K, 24 young (24576K), 2 survivors (2048K)
 Metaspace       used 878K, committed 1024K, reserved 1056768K
  class space    used 61K, committed 128K, reserved 1048576K
}
Event: 0.489 GC heap after
{Heap after GC invocations=2 (full 0):
 garbage-first heap   total 129024K, used 24796K [0x0000000082600000, 0x0000000100000000)
  region size 1024K, 2 young (2048K), 2 survivors (2048K)
 Metaspace       used 878K, committed 1024K, reserved 1056768K
  class space    used 61K, committed 128K, reserved 1048576K
}
Event: 0.836 GC heap before
{Heap before GC invocations=2 (full 0):
 garbage-first heap   total 129024K, used 112860K [0x0000000082600000, 0x0000000100000000)
  region size 1024K, 43 young (44032K), 2 survivors (2048K)
 Metaspace       used 878K, committed 1024K, reserved 1056768K
  class space    used 61K, committed 128K, reserved 1048576K
}
Event: 0.838 GC heap after
{Heap after GC invocations=3 (full 0):
 garbage-first heap   total 129024K, used 48394K [0x0000000082600000, 0x0000000100000000)
  region size 1024K, 2 young (2048K), 2 survivors (2048K)
 Metaspace       used 878K, committed 1024K, reserved 1056768K
  class space    used 61K, committed 128K, reserved 1048576K
}
Event: 0.944 GC heap before
{Heap before GC invocations=3 (full 0):
 garbage-first heap   total 188416K, used 148746K [0x0000000082600000, 0x0000000100000000)
  region size 1024K, 10 young (10240K), 2 survivors (2048K)
 Metaspace       used 878K, committed 1024K, reserved 1056768K
  class space    used 61K, committed 128K, reserved 1048576K
}
Event: 0.945 GC heap after
{Heap after GC invocations=4 (full 0):
 garbage-first heap   total 188416K, used 94444K [0x0000000082600000, 0x0000000100000000)
  region size 1024K, 2 young (2048K), 2 survivors (2048K)
 Metaspace       used 878K, committed 1024K, reserved 1056768K
  class space    used 61K, committed 128K, reserved 1048576K
}

Deoptimization events (20 events):
Event: 0.604 Thread 0x000001c8c03b9e70 DEOPT PACKING pc=0x000001c8c815cb6f sp=0x000000b0f9aff100
Event: 0.604 Thread 0x000001c8c03b9e70 DEOPT UNPACKING pc=0x000001c8c7b7dece sp=0x000000b0f9afe668 mode 0
Event: 0.604 Thread 0x000001c8c03b9e70 DEOPT PACKING pc=0x000001c8c815cb6f sp=0x000000b0f9aff100
Event: 0.604 Thread 0x000001c8c03b9e70 DEOPT UNPACKING pc=0x000001c8c7b7dece sp=0x000000b0f9afe668 mode 0
Event: 0.604 Thread 0x000001c8c03b9e70 DEOPT PACKING pc=0x000001c8c815cb6f sp=0x000000b0f9aff100
Event: 0.604 Thread 0x000001c8c03b9e70 DEOPT UNPACKING pc=0x000001c8c7b7dece sp=0x000000b0f9afe668 mode 0
Event: 0.605 Thread 0x000001c8c03b9e70 DEOPT PACKING pc=0x000001c8c815cb6f sp=0x000000b0f9aff100
Event: 0.605 Thread 0x000001c8c03b9e70 DEOPT UNPACKING pc=0x000001c8c7b7dece sp=0x000000b0f9afe668 mode 0
Event: 0.605 Thread 0x000001c8c03b9e70 DEOPT PACKING pc=0x000001c8c815cb6f sp=0x000000b0f9aff100
Event: 0.605 Thread 0x000001c8c03b9e70 DEOPT UNPACKING pc=0x000001c8c7b7dece sp=0x000000b0f9afe668 mode 0
Event: 0.605 Thread 0x000001c8c03b9e70 DEOPT PACKING pc=0x000001c8c815cb6f sp=0x000000b0f9aff100
Event: 0.605 Thread 0x000001c8c03b9e70 DEOPT UNPACKING pc=0x000001c8c7b7dece sp=0x000000b0f9afe668 mode 0
Event: 0.943 Thread 0x000001c8c03b9e70 Uncommon trap: trap_request=0xffffff45 fr.pc=0x000001c8cf6196d4 relative=0x0000000000000db4
Event: 0.943 Thread 0x000001c8c03b9e70 Uncommon trap: reason=unstable_if action=reinterpret pc=0x000001c8cf6196d4 method=java.io.BufferedReader.readLine(Z[Z)Ljava/lang/String; @ 63 c2
Event: 0.943 Thread 0x000001c8c03b9e70 DEOPT PACKING pc=0x000001c8cf6196d4 sp=0x000000b0f9aff590
Event: 0.943 Thread 0x000001c8c03b9e70 DEOPT UNPACKING pc=0x000001c8c7b7d72e sp=0x000000b0f9aff528 mode 2
Event: 0.943 Thread 0x000001c8c03b9e70 Uncommon trap: trap_request=0xffffff45 fr.pc=0x000001c8cf62a068 relative=0x0000000000000128
Event: 0.943 Thread 0x000001c8c03b9e70 Uncommon trap: reason=unstable_if action=reinterpret pc=0x000001c8cf62a068 method=ntou.cs.java2021.FoodHandler.produceStringFromFile(Ljava/lang/String;)Ljava/lang/String; @ 44 c2
Event: 0.943 Thread 0x000001c8c03b9e70 DEOPT PACKING pc=0x000001c8cf62a068 sp=0x000000b0f9aff630
Event: 0.943 Thread 0x000001c8c03b9e70 DEOPT UNPACKING pc=0x000001c8c7b7d72e sp=0x000000b0f9aff5e0 mode 2

Classes unloaded (0 events):
No events

Classes redefined (0 events):
No events

Internal exceptions (3 events):
Event: 0.168 Thread 0x000001c8df23f120 Exception <a 'java/lang/NoSuchMethodError'{0x000000008a1f6948}: 'java.lang.Object java.lang.invoke.DirectMethodHandle$Holder.invokeStatic(java.lang.Object)'> (0x000000008a1f6948) 
thrown [t:\workspace\open\src\hotspot\share\interpreter\linkResolver.cpp, line 790]
Event: 0.169 Thread 0x000001c8df23f120 Exception <a 'java/lang/NoSuchMethodError'{0x000000008a1fa258}: 'java.lang.Object java.lang.invoke.DirectMethodHandle$Holder.invokeStaticInit(java.lang.Object)'> (0x000000008a1fa258) 
thrown [t:\workspace\open\src\hotspot\share\interpreter\linkResolver.cpp, line 790]
Event: 0.205 Thread 0x000001c8df23f120 Exception <a 'java/lang/NoSuchMethodError'{0x000000008a008130}: 'void java.lang.invoke.DirectMethodHandle$Holder.invokeStatic(java.lang.Object, java.lang.Object)'> (0x000000008a008130) 
thrown [t:\workspace\open\src\hotspot\share\interpreter\linkResolver.cpp, line 790]

Events (20 events):
Event: 0.213 loading class sun/nio/cs/US_ASCII$Decoder done
Event: 0.213 loading class sun/nio/ch/Util
Event: 0.213 loading class sun/nio/ch/Util done
Event: 0.213 loading class sun/nio/ch/Util$1
Event: 0.214 loading class sun/nio/ch/Util$1 done
Event: 0.214 loading class sun/nio/ch/Util$BufferCache
Event: 0.214 loading class sun/nio/ch/Util$BufferCache done
Event: 0.214 loading class java/nio/DirectByteBuffer$Deallocator
Event: 0.214 loading class java/nio/DirectByteBuffer$Deallocator done
Event: 0.228 Thread 0x000001c8df3b6730 Thread added: 0x000001c8df3b6730
Event: 0.391 Executing  VM operation: G1CollectForAllocation
Event: 0.392 Executing  VM operation: G1CollectForAllocation done
Event: 0.487 Executing  VM operation: G1TryInitiateConcMark
Event: 0.489 Executing  VM operation: G1TryInitiateConcMark done
Event: 0.513 Thread 0x000001c8df3b6730 Thread exited: 0x000001c8df3b6730
Event: 0.836 Executing  VM operation: G1TryInitiateConcMark
Event: 0.838 Executing  VM operation: G1TryInitiateConcMark done
Event: 0.943 Executing  VM operation: G1TryInitiateConcMark
Event: 0.945 Executing  VM operation: G1TryInitiateConcMark done
Event: 0.946 Executing  VM operation: G1Concurrent


Dynamic libraries:
0x00007ff7bc490000 - 0x00007ff7bc49e000 	D:\Applications\java JDK\bin\java.exe
0x00007ffb35490000 - 0x00007ffb35685000 	C:\WINDOWS\SYSTEM32\ntdll.dll
0x00007ffb35390000 - 0x00007ffb3544d000 	C:\WINDOWS\System32\KERNEL32.DLL
0x00007ffb32c20000 - 0x00007ffb32ee8000 	C:\WINDOWS\System32\KERNELBASE.dll
0x00007ffb332a0000 - 0x00007ffb333a0000 	C:\WINDOWS\System32\ucrtbase.dll
0x00007ffb2d390000 - 0x00007ffb2d3a8000 	D:\Applications\java JDK\bin\jli.dll
0x00007ffb2d360000 - 0x00007ffb2d379000 	D:\Applications\java JDK\bin\VCRUNTIME140.dll
0x00007ffb335c0000 - 0x00007ffb33760000 	C:\WINDOWS\System32\USER32.dll
0x00007ffb32ef0000 - 0x00007ffb32f12000 	C:\WINDOWS\System32\win32u.dll
0x00007ffb33530000 - 0x00007ffb3355a000 	C:\WINDOWS\System32\GDI32.dll
0x00007ffb179d0000 - 0x00007ffb17c6a000 	C:\WINDOWS\WinSxS\amd64_microsoft.windows.common-controls_6595b64144ccf1df_6.0.19041.1052_none_60b8f8fd71f5e8cb\COMCTL32.dll
0x00007ffb33190000 - 0x00007ffb3329b000 	C:\WINDOWS\System32\gdi32full.dll
0x00007ffb34e10000 - 0x00007ffb34eae000 	C:\WINDOWS\System32\msvcrt.dll
0x00007ffb333d0000 - 0x00007ffb3346d000 	C:\WINDOWS\System32\msvcp_win.dll
0x00007ffb34900000 - 0x00007ffb34930000 	C:\WINDOWS\System32\IMM32.DLL
0x00007ffb30390000 - 0x00007ffb3039c000 	D:\Applications\java JDK\bin\vcruntime140_1.dll
0x00007ffaf93d0000 - 0x00007ffaf9461000 	D:\Applications\java JDK\bin\msvcp140.dll
0x00007ffaf02d0000 - 0x00007ffaf0e7b000 	D:\Applications\java JDK\bin\server\jvm.dll
0x00007ffb343a0000 - 0x00007ffb3444c000 	C:\WINDOWS\System32\ADVAPI32.dll
0x00007ffb35170000 - 0x00007ffb3520b000 	C:\WINDOWS\System32\sechost.dll
0x00007ffb33810000 - 0x00007ffb3393b000 	C:\WINDOWS\System32\RPCRT4.dll
0x00007ffb33510000 - 0x00007ffb33518000 	C:\WINDOWS\System32\PSAPI.DLL
0x00007ffb1a720000 - 0x00007ffb1a729000 	C:\WINDOWS\SYSTEM32\WSOCK32.dll
0x00007ffb34930000 - 0x00007ffb3499b000 	C:\WINDOWS\System32\WS2_32.dll
0x00007ffb21680000 - 0x00007ffb216a7000 	C:\WINDOWS\SYSTEM32\WINMM.dll
0x00007ffb2a660000 - 0x00007ffb2a66a000 	C:\WINDOWS\SYSTEM32\VERSION.dll
0x00007ffb314f0000 - 0x00007ffb31502000 	C:\WINDOWS\SYSTEM32\kernel.appcore.dll
0x00007ffb2d3d0000 - 0x00007ffb2d3da000 	D:\Applications\java JDK\bin\jimage.dll
0x00007ffb23da0000 - 0x00007ffb23f84000 	C:\WINDOWS\SYSTEM32\DBGHELP.DLL
0x00007ffb23d70000 - 0x00007ffb23d9c000 	C:\WINDOWS\SYSTEM32\dbgcore.DLL
0x00007ffb33470000 - 0x00007ffb334f3000 	C:\WINDOWS\System32\bcryptPrimitives.dll
0x00007ffb2d350000 - 0x00007ffb2d35e000 	D:\Applications\java JDK\bin\instrument.dll
0x00007ffb2c430000 - 0x00007ffb2c455000 	D:\Applications\java JDK\bin\java.dll
0x00007ffb33c60000 - 0x00007ffb3439f000 	C:\WINDOWS\System32\SHELL32.dll
0x00007ffb30c40000 - 0x00007ffb313d0000 	C:\WINDOWS\SYSTEM32\windows.storage.dll
0x00007ffb34450000 - 0x00007ffb347a5000 	C:\WINDOWS\System32\combase.dll
0x00007ffb32640000 - 0x00007ffb3266c000 	C:\WINDOWS\SYSTEM32\Wldp.dll
0x00007ffb350c0000 - 0x00007ffb3516e000 	C:\WINDOWS\System32\SHCORE.dll
0x00007ffb35210000 - 0x00007ffb35265000 	C:\WINDOWS\System32\shlwapi.dll
0x00007ffb32b10000 - 0x00007ffb32b2f000 	C:\WINDOWS\SYSTEM32\profapi.dll
0x00007ffb1a820000 - 0x00007ffb1a838000 	D:\Applications\java JDK\bin\zip.dll
0x00007ffb1d770000 - 0x00007ffb1d789000 	D:\Applications\java JDK\bin\net.dll
0x00007ffb21ea0000 - 0x00007ffb21fab000 	C:\WINDOWS\SYSTEM32\WINHTTP.dll
0x00007ffb323b0000 - 0x00007ffb3241a000 	C:\WINDOWS\system32\mswsock.dll
0x00007ffb1a8d0000 - 0x00007ffb1a8e3000 	D:\Applications\java JDK\bin\nio.dll
0x00007ffb1a800000 - 0x00007ffb1a81a000 	D:\Applications\JetBrains\IntelliJ IDEA Community Edition 2021.1.1\bin\breakgen64.dll

dbghelp: loaded successfully - version: 4.0.5 - missing functions: none
symbol engine: initialized successfully - sym options: 0x614 - pdb path: .;D:\Applications\java JDK\bin;C:\WINDOWS\SYSTEM32;C:\WINDOWS\WinSxS\amd64_microsoft.windows.common-controls_6595b64144ccf1df_6.0.19041.1052_none_60b8f8fd71f5e8cb;D:\Applications\java JDK\bin\server;D:\Applications\JetBrains\IntelliJ IDEA Community Edition 2021.1.1\bin

VM Arguments:
jvm_args: -javaagent:D:\Applications\JetBrains\IntelliJ IDEA Community Edition 2021.1.1\lib\idea_rt.jar=51417:D:\Applications\JetBrains\IntelliJ IDEA Community Edition 2021.1.1\bin -Dfile.encoding=UTF-8 
java_command: ntou.cs.java2021.Test
java_class_path (initial): D:\Applications\JetBrains\Food\target\classes;C:\Users\adam7\.m2\repository\com\fasterxml\jackson\core\jackson-core\2.10.3\jackson-core-2.10.3.jar;C:\Users\adam7\.m2\repository\com\google\code\gson\gson\2.8.6\gson-2.8.6.jar;C:\Users\adam7\.m2\repository\org\simpleflatmapper\sfm-csv\8.2.3\sfm-csv-8.2.3.jar;C:\Users\adam7\.m2\repository\org\simpleflatmapper\lightning-csv\8.2.3\lightning-csv-8.2.3.jar;C:\Users\adam7\.m2\repository\org\simpleflatmapper\ow2-asm\6.2\ow2-asm-6.2.jar;C:\Users\adam7\.m2\repository\org\simpleflatmapper\sfm-util\8.2.3\sfm-util-8.2.3.jar;C:\Users\adam7\.m2\repository\org\simpleflatmapper\sfm-map\8.2.3\sfm-map-8.2.3.jar;C:\Users\adam7\.m2\repository\org\simpleflatmapper\sfm-reflect\8.2.3\sfm-reflect-8.2.3.jar;C:\Users\adam7\.m2\repository\org\simpleflatmapper\sfm-converter\8.2.3\sfm-converter-8.2.3.jar;C:\Users\adam7\.m2\repository\org\simpleflatmapper\sfm-tuples\8.2.3\sfm-tuples-8.2.3.jar
Launcher Type: SUN_STANDARD

[Global flags]
     intx CICompilerCount                          = 4                                         {product} {ergonomic}
     uint ConcGCThreads                            = 3                                         {product} {ergonomic}
     uint G1ConcRefinementThreads                  = 10                                        {product} {ergonomic}
   size_t G1HeapRegionSize                         = 1048576                                   {product} {ergonomic}
    uintx GCDrainStackTargetSize                   = 64                                        {product} {ergonomic}
   size_t InitialHeapSize                          = 132120576                                 {product} {ergonomic}
   size_t MarkStackSize                            = 4194304                                   {product} {ergonomic}
   size_t MaxHeapSize                              = 2107637760                                {product} {ergonomic}
   size_t MaxNewSize                               = 1264582656                                {product} {ergonomic}
   size_t MinHeapDeltaBytes                        = 1048576                                   {product} {ergonomic}
   size_t MinHeapSize                              = 8388608                                   {product} {ergonomic}
    uintx NonNMethodCodeHeapSize                   = 5839372                                {pd product} {ergonomic}
    uintx NonProfiledCodeHeapSize                  = 122909434                              {pd product} {ergonomic}
    uintx ProfiledCodeHeapSize                     = 122909434                              {pd product} {ergonomic}
    uintx ReservedCodeCacheSize                    = 251658240                              {pd product} {ergonomic}
     bool SegmentedCodeCache                       = true                                      {product} {ergonomic}
   size_t SoftMaxHeapSize                          = 2107637760                             {manageable} {ergonomic}
     bool UseCompressedClassPointers               = true                           {product lp64_product} {ergonomic}
     bool UseCompressedOops                        = true                           {product lp64_product} {ergonomic}
     bool UseG1GC                                  = true                                      {product} {ergonomic}
     bool UseLargePagesIndividualAllocation        = false                                  {pd product} {ergonomic}

Logging:
Log output configuration:
 #0: stdout all=warning uptime,level,tags
 #1: stderr all=off uptime,level,tags

Environment Variables:
PATH=C:\Program Files (x86)\Common Files\Oracle\Java\javapath;C:\Program Files (x86)\Intel\Intel(R) Management Engine Components\iCLS\;C:\Program Files\Intel\Intel(R) Management Engine Components\iCLS\;C:\Windows\system32;C:\Windows;C:\Windows\System32\Wbem;C:\Windows\System32\WindowsPowerShell\v1.0\;C:\Windows\System32\OpenSSH\;C:\Program Files (x86)\NVIDIA Corporation\PhysX\Common;C:\Program Files\Intel\WiFi\bin\;C:\Program Files\Common Files\Intel\WirelessCommon\;C:\Program Files (x86)\Intel\Intel(R) Management Engine Components\DAL;C:\Program Files\Intel\Intel(R) Management Engine Components\DAL;C:\Program Files (x86)\Intel\Intel(R) Management Engine Components\IPT;C:\Program Files\Intel\Intel(R) Management Engine Components\IPT;C:\WINDOWS\system32;C:\WINDOWS;C:\WINDOWS\System32\Wbem;C:\WINDOWS\System32\WindowsPowerShell\v1.0\;C:\WINDOWS\System32\OpenSSH\;C:\MinGW\bin;D:\Applications\;C:\Program Files\dotnet\;C:\Users\adam7\AppData\Local\Microsoft\WindowsApps;D:\Applications\VScode\Microsoft VS Code\bin;;D:\Applications\Quartus II\Quartus II Web Edition 13.1\modelsim_ase\win32aloem;D:\Applications\Quartus II\Quartus II Web Edition 13.1\modelsim_ae\win32aloem;D:\Applications\Quartus\modelsim_ase\win32aloem;C:\altera\13.1\modelsim_ase\win32aloem;C:\Users\adam7\.dotnet\tools
USERNAME=adam7
OS=Windows_NT
PROCESSOR_IDENTIFIER=Intel64 Family 6 Model 158 Stepping 10, GenuineIntel



---------------  S Y S T E M  ---------------

OS:
 Windows 10 , 64 bit Build 19041 (10.0.19041.1023)
OS uptime: 9 days 13:19 hours

CPU: total 12 (initial active 12) (6 cores per cpu, 2 threads per core) family 6 model 158 stepping 10 microcode 0xb4, cx8, cmov, fxsr, ht, mmx, 3dnowpref, sse, sse2, sse3, ssse3, sse4.1, sse4.2, popcnt, lzcnt, tsc, tscinvbit, avx, avx2, aes, erms, clmul, bmi1, bmi2, adx, fma, vzeroupper, clflush, clflushopt

Memory: 4k page, system-wide physical 8038M (411M free)
TotalPageFile size 23135M (AvailPageFile size 16M)
current process WorkingSet (physical memory assigned to process): 220M, peak: 220M
current process commit charge ("private bytes"): 276M, peak: 289M

vm_info: OpenJDK 64-Bit Server VM (16.0.1+9-24) for windows-amd64 JRE (16.0.1+9-24), built on Mar 26 2021 19:30:07 by "mach5one" with MS VC++ 16.7 (VS2019)

END.
